Arguments: 
  C:\Program Files\nodejs\node.exe C:\Program Files (x86)\Yarn\bin\yarn.js --force

PATH: 
  C:\WINDOWS\system32;C:\WINDOWS;C:\WINDOWS\System32\Wbem;C:\WINDOWS\System32\WindowsPowerShell\v1.0\;C:\Program Files (x86)\ATI Technologies\ATI.ACE\Core-Static;C:\WINDOWS\System32\OpenSSH\;C:\Program Files\dotnet\;C:\Program Files\Microsoft SQL Server\130\Tools\Binn\;C:\Program Files (x86)\Microsoft SQL Server\Client SDK\ODBC\130\Tools\Binn\;C:\Program Files (x86)\Microsoft SQL Server\140\Tools\Binn\;C:\Program Files (x86)\Microsoft SQL Server\140\DTS\Binn\;C:\Program Files (x86)\Microsoft SQL Server\140\Tools\Binn\ManagementStudio\;C:\Program Files\Git\cmd;E:\Kubernetes\helm-v2.11.0-windows-amd64\windows-amd64\;C:\Program Files (x86)\Yarn\bin\;C:\Program Files\nodejs\;C:\Program Files\Microsoft SQL Server\Client SDK\ODBC\170\Tools\Binn\;C:\Program Files (x86)\AMD\ATI.ACE\Core-Static;C:\Program Files\PuTTY\;C:\WINDOWS\system32;C:\WINDOWS;C:\WINDOWS\System32\Wbem;C:\WINDOWS\System32\WindowsPowerShell\v1.0\;C:\Program Files (x86)\ATI Technologies\ATI.ACE\Core-Static;C:\WINDOWS\System32\OpenSSH\;C:\Program Files\dotnet\;C:\Program Files\Microsoft SQL Server\130\Tools\Binn\;C:\Program Files\nodejs\;C:\Program Files (x86)\Microsoft SQL Server\Client SDK\ODBC\130\Tools\Binn\;C:\Program Files (x86)\Microsoft SQL Server\140\Tools\Binn\;C:\Program Files (x86)\Microsoft SQL Server\140\DTS\Binn\;C:\Program Files (x86)\Microsoft SQL Server\140\Tools\Binn\ManagementStudio\;C:\Program Files\Git\cmd;C:\Users\m.doaie\AppData\Local\Microsoft\WindowsApps;C:\Program Files\Microsoft VS Code\bin;C:\Users\m.doaie\.dotnet\tools;C:\Users\m.doaie\AppData\Roaming\npm\;C:\Users\m.doaie\AppData\Local\GitHubDesktop\bin;C:\Program Files (x86)\Rico Suter\NSwagStudio\;C:\Users\m.doaie\AppData\Local\Microsoft\WindowsApps;C:\Users\m.doaie\AppData\Local\Yarn\bin;C:\Users\m.doaie\AppData\Roaming\npm;C:\Users\m.doaie\AppData\Local\Programs\Microsoft VS Code\bin

Yarn version: 
  1.13.0

Node version: 
  10.15.3

Platform: 
  win32 x64

Trace: 
  Error: EPERM: operation not permitted, unlink 'Z:\Projects\chrome-extension-check-vpn\node_modules\cross-spawn\node_modules\.bin'

npm manifest: 
  {
    "name": "chrome-extension-react-typescript-boilerplate",
    "version": "1.0.0",
    "description": "A boilerplate project to quickly build a Chrome extension using TypeScript and React (built using webpack).",
    "scripts": {
      "build": "webpack --config webpack.prod.js",
      "dev": "webpack --config webpack.dev.js",
      "watch": "webpack -w --config webpack.dev.js",
      "lint": "tslint 'src/**/*.{ts, tsx}'"
    },
    "author": "Joe Martella",
    "license": "MIT",
    "devDependencies": {
      "@types/chrome": "0.0.60",
      "@types/react": "^16.0.40",
      "@types/react-dom": "^16.0.4",
      "css-loader": "^0.28.11",
      "node-sass": "^4.7.2",
      "sass-loader": "^6.0.7",
      "style-loader": "^0.20.3",
      "ts-loader": "^4.0.1",
      "tslint-config-airbnb": "^5.11.1",
      "tslint-react": "^3.6.0",
      "typescript": "^2.7.2",
      "webpack": "^4.1.1",
      "webpack-cli": "^3.3.6",
      "webpack-merge": "^4.1.4"
    },
    "dependencies": {
      "react": "^16.2.0",
      "react-dom": "^16.2.0",
      "urijs": "^1.19.1"
    }
  }

yarn manifest: 
  No manifest

Lockfile: 
  No lockfile
